<?xml version="1.0" encoding="UTF-8"?>
<!-- Generated by org.testng.reporters.JUnitReportReporter -->
<testsuite skipped="0" hostname="apathak-MBP.local" name="remoteTesting.dockerValidation.startDocker" tests="1" failures="0" timestamp="05 Jan 2020 09:43:37 GMT" time="11.547" errors="0">
  <testcase name="startFile" time="11.547" classname="remoteTesting.dockerValidation.startDocker"/>
</testsuite> <!-- remoteTesting.dockerValidation.startDocker -->
