<?xml version="1.0" encoding="UTF-8"?>
<!-- Generated by org.testng.reporters.JUnitReportReporter -->
<testsuite skipped="0" hostname="apathak-MBP.local" name="remoteTesting.dockerValidation.chromeTest1" tests="1" failures="0" timestamp="12 Jan 2020 15:06:08 GMT" time="2.786" errors="0">
  <testcase name="test1" time="2.786" classname="remoteTesting.dockerValidation.chromeTest1"/>
</testsuite> <!-- remoteTesting.dockerValidation.chromeTest1 -->
