<?xml version="1.0" encoding="UTF-8"?>
<!-- Generated by org.testng.reporters.JUnitReportReporter -->
<testsuite skipped="0" hostname="apathak-MBP.local" name="remoteTesting.dockerValidation.chromeTest2" tests="1" failures="0" timestamp="14 Jan 2020 10:38:32 GMT" time="4.225" errors="0">
  <testcase name="test2" time="4.225" classname="remoteTesting.dockerValidation.chromeTest2"/>
</testsuite> <!-- remoteTesting.dockerValidation.chromeTest2 -->
