<?xml version="1.0" encoding="UTF-8"?>
<!-- Generated by org.testng.reporters.JUnitReportReporter -->
<testsuite skipped="0" hostname="apathak-MBP.local" name="remoteTesting.dockerValidation.chromeTest3" tests="1" failures="0" timestamp="14 Jan 2020 10:38:32 GMT" time="39.367" errors="0">
  <testcase name="test3" time="39.367" classname="remoteTesting.dockerValidation.chromeTest3"/>
</testsuite> <!-- remoteTesting.dockerValidation.chromeTest3 -->
